This is pdfTeX, Version 3.14159265-2.6-1.40.17 (TeX Live 2016/W32TeX) (preloaded format=pdflatex 2016.10.6)  20 OCT 2020 09:24
entering extended mode
 restricted \write18 enabled.
 %&-line parsing enabled.
**./extended_quantum_control_report.tex
(./extended_quantum_control_report.tex
LaTeX2e <2016/03/31> patch level 3
Babel <3.9r> and hyphenation patterns for 83 language(s) loaded.
(c:/texlive/2016/texmf-dist/tex/latex/revtex/revtex4-1.cls
Document Class: revtex4-1 2010/07/25/20:33:00 4.1r (http://publish.aps.org/revt
ex4/ for documentation)
 Copyright (c) 2009 The American Physical Society.
 mailto:revtex@aps.org
 Licensed under the LPPL:
http://www.ctan.org/tex-archive/macros/latex/base/lppl.txt
 Arthur Ogawa <arthur_ogawa at sbcglobal dot net>
 Based on work by David Carlisle <david at dcarlisle.demon.co.uk>.
ltxutil[2010/07/25/20:33:00 4.1r utilities package (portions licensed from W. E
. Baxter web at superscript.com)]
LaTeX Info: Redefining \@centercr on input line 308.
Class revtex4-1 Info: Repairing broken LaTeX eqnarray on input line 358.
\eqncolsep=\skip41
Class revtex4-1 Info: Repairing hyperref-unfriendly LaTeX definition of \mpfoot
note on input line 433.
Class revtex4-1 Info: Repairing broken LateX \@sect on input line 755.
\intertabularlinepenalty=\count79
\@tbpen=\count80
\@arstrutbox@hline=\box26
Class revtex4-1 Info: Repairing broken LaTeX \@xbitor on input line 1786.
Class revtex4-1 Info: Making \typeout \long on input line 2046.
ltxfront[2010/07/25/20:33:00 4.1r frontmatter package (AO,DPC)]
\c@affil=\count81
\c@collab=\count82
\absbox=\box27
ltxgrid[2010/07/25/20:33:00 4.1r page grid package (portions licensed from W. E
. Baxter web at superscript.com)]
\c@linecount=\count83
\output@latex=\toks14
\box@size@1=\box28
\box@size@2=\box29
\@protection@box=\box30
\@topmark@saved=\toks15
\footins@saved=\box31
\footins@recovered=\box32
\column@recovered=\box33
\pagesofar=\box34
\footsofar=\box35
\pagegrid@col=\count84
Class revtex4-1 Info: Overriding \@vspace, \@vspacer, \@no@pgbk, \@newline, and
 \\  on input line 5578.
\c@part=\count85
\c@section=\count86
\c@subsection=\count87
\c@subsubsection=\count88
\c@paragraph=\count89
\c@subparagraph=\count90
\abovecaptionskip=\skip42
\belowcaptionskip=\skip43
\c@figure=\count91
\fbox@1=\box36
\c@table=\count92
\fbox@2=\box37
\c@video=\count93
\fbox@4=\box38
\@bibdataout=\write3
\widetext@top=\box39
\widetext@bot=\box40
Class revtex4-1 Info: Selecting society aps on input line 7542.
(c:/texlive/2016/texmf-dist/tex/latex/revtex/aps4-1.rtx
File: aps4-1 2010/07/25/20:33:00 4.1r (http://publish.aps.org/revtex4/ for docu
mentation)
Class revtex4-1 Info: RevTeX society APS selected on input line 31.
)
Class revtex4-1 Info: Selecting journal pra on input line 7544.
Class revtex4-1 Info: APS journal PRA selected on input line 7545.

(c:/texlive/2016/texmf-dist/tex/latex/revtex/aps10pt4-1.rtx
File: aps10pt4-1 2010/07/25/20:33:00 4.1r (http://publish.aps.org/revtex4/ for 
documentation)
Class revtex4-1 Info: RevTeX pointsize 10pt selected on input line 30.
)
(c:/texlive/2016/texmf-dist/tex/latex/textcase/textcase.sty
Package: textcase 2004/10/07 v0.07 Text only upper/lower case changing (DPC)
)
(c:/texlive/2016/texmf-dist/tex/latex/url/url.sty
\Urlmuskip=\muskip10
Package: url 2013/09/16  ver 3.4  Verb mode for urls, etc.
)
(c:/texlive/2016/texmf-dist/tex/latex/natbib/natbib.sty
Package: natbib 2010/09/13 8.31b (PWD, AO)
\bibhang=\skip44
\bibsep=\skip45
LaTeX Info: Redefining \cite on input line 694.
\c@NAT@ctr=\count94
)
Class revtex4-1 Info: Repairing natbib's \BibitemShut on input line 7549.

(c:/texlive/2016/texmf-dist/tex/latex/revtex/revsymb4-1.sty
Package: revsymb4-1 2010/07/25/20:33:00 4.1r (http://publish.aps.org/revtex4/ f
or documentation)
LaTeX Info: Redefining \REV@mathfrak on input line 119.
))
(c:/texlive/2016/texmf-dist/tex/latex/base/inputenc.sty
Package: inputenc 2015/03/17 v1.2c Input encoding file
\inpenc@prehook=\toks16
\inpenc@posthook=\toks17

(c:/texlive/2016/texmf-dist/tex/latex/base/utf8.def
File: utf8.def 2016/02/28 v1.1s UTF-8 support for inputenc
Now handling font encoding OML ...
... no UTF-8 mapping file for font encoding OML
Now handling font encoding T1 ...
... processing UTF-8 mapping file for font encoding T1

(c:/texlive/2016/texmf-dist/tex/latex/base/t1enc.dfu
File: t1enc.dfu 2016/02/28 v1.1s UTF-8 support for inputenc
   defining Unicode char U+00A0 (decimal 160)
   defining Unicode char U+00A1 (decimal 161)
   defining Unicode char U+00A3 (decimal 163)
   defining Unicode char U+00AB (decimal 171)
   defining Unicode char U+00AD (decimal 173)
   defining Unicode char U+00BB (decimal 187)
   defining Unicode char U+00BF (decimal 191)
   defining Unicode char U+00C0 (decimal 192)
   defining Unicode char U+00C1 (decimal 193)
   defining Unicode char U+00C2 (decimal 194)
   defining Unicode char U+00C3 (decimal 195)
   defining Unicode char U+00C4 (decimal 196)
   defining Unicode char U+00C5 (decimal 197)
   defining Unicode char U+00C6 (decimal 198)
   defining Unicode char U+00C7 (decimal 199)
   defining Unicode char U+00C8 (decimal 200)
   defining Unicode char U+00C9 (decimal 201)
   defining Unicode char U+00CA (decimal 202)
   defining Unicode char U+00CB (decimal 203)
   defining Unicode char U+00CC (decimal 204)
   defining Unicode char U+00CD (decimal 205)
   defining Unicode char U+00CE (decimal 206)
   defining Unicode char U+00CF (decimal 207)
   defining Unicode char U+00D0 (decimal 208)
   defining Unicode char U+00D1 (decimal 209)
   defining Unicode char U+00D2 (decimal 210)
   defining Unicode char U+00D3 (decimal 211)
   defining Unicode char U+00D4 (decimal 212)
   defining Unicode char U+00D5 (decimal 213)
   defining Unicode char U+00D6 (decimal 214)
   defining Unicode char U+00D8 (decimal 216)
   defining Unicode char U+00D9 (decimal 217)
   defining Unicode char U+00DA (decimal 218)
   defining Unicode char U+00DB (decimal 219)
   defining Unicode char U+00DC (decimal 220)
   defining Unicode char U+00DD (decimal 221)
   defining Unicode char U+00DE (decimal 222)
   defining Unicode char U+00DF (decimal 223)
   defining Unicode char U+00E0 (decimal 224)
   defining Unicode char U+00E1 (decimal 225)
   defining Unicode char U+00E2 (decimal 226)
   defining Unicode char U+00E3 (decimal 227)
   defining Unicode char U+00E4 (decimal 228)
   defining Unicode char U+00E5 (decimal 229)
   defining Unicode char U+00E6 (decimal 230)
   defining Unicode char U+00E7 (decimal 231)
   defining Unicode char U+00E8 (decimal 232)
   defining Unicode char U+00E9 (decimal 233)
   defining Unicode char U+00EA (decimal 234)
   defining Unicode char U+00EB (decimal 235)
   defining Unicode char U+00EC (decimal 236)
   defining Unicode char U+00ED (decimal 237)
   defining Unicode char U+00EE (decimal 238)
   defining Unicode char U+00EF (decimal 239)
   defining Unicode char U+00F0 (decimal 240)
   defining Unicode char U+00F1 (decimal 241)
   defining Unicode char U+00F2 (decimal 242)
   defining Unicode char U+00F3 (decimal 243)
   defining Unicode char U+00F4 (decimal 244)
   defining Unicode char U+00F5 (decimal 245)
   defining Unicode char U+00F6 (decimal 246)
   defining Unicode char U+00F8 (decimal 248)
   defining Unicode char U+00F9 (decimal 249)
   defining Unicode char U+00FA (decimal 250)
   defining Unicode char U+00FB (decimal 251)
   defining Unicode char U+00FC (decimal 252)
   defining Unicode char U+00FD (decimal 253)
   defining Unicode char U+00FE (decimal 254)
   defining Unicode char U+00FF (decimal 255)
   defining Unicode char U+0100 (decimal 256)
   defining Unicode char U+0101 (decimal 257)
   defining Unicode char U+0102 (decimal 258)
   defining Unicode char U+0103 (decimal 259)
   defining Unicode char U+0104 (decimal 260)
   defining Unicode char U+0105 (decimal 261)
   defining Unicode char U+0106 (decimal 262)
   defining Unicode char U+0107 (decimal 263)
   defining Unicode char U+0108 (decimal 264)
   defining Unicode char U+0109 (decimal 265)
   defining Unicode char U+010A (decimal 266)
   defining Unicode char U+010B (decimal 267)
   defining Unicode char U+010C (decimal 268)
   defining Unicode char U+010D (decimal 269)
   defining Unicode char U+010E (decimal 270)
   defining Unicode char U+010F (decimal 271)
   defining Unicode char U+0110 (decimal 272)
   defining Unicode char U+0111 (decimal 273)
   defining Unicode char U+0112 (decimal 274)
   defining Unicode char U+0113 (decimal 275)
   defining Unicode char U+0114 (decimal 276)
   defining Unicode char U+0115 (decimal 277)
   defining Unicode char U+0116 (decimal 278)
   defining Unicode char U+0117 (decimal 279)
   defining Unicode char U+0118 (decimal 280)
   defining Unicode char U+0119 (decimal 281)
   defining Unicode char U+011A (decimal 282)
   defining Unicode char U+011B (decimal 283)
   defining Unicode char U+011C (decimal 284)
   defining Unicode char U+011D (decimal 285)
   defining Unicode char U+011E (decimal 286)
   defining Unicode char U+011F (decimal 287)
   defining Unicode char U+0120 (decimal 288)
   defining Unicode char U+0121 (decimal 289)
   defining Unicode char U+0122 (decimal 290)
   defining Unicode char U+0123 (decimal 291)
   defining Unicode char U+0124 (decimal 292)
   defining Unicode char U+0125 (decimal 293)
   defining Unicode char U+0128 (decimal 296)
   defining Unicode char U+0129 (decimal 297)
   defining Unicode char U+012A (decimal 298)
   defining Unicode char U+012B (decimal 299)
   defining Unicode char U+012C (decimal 300)
   defining Unicode char U+012D (decimal 301)
   defining Unicode char U+012E (decimal 302)
   defining Unicode char U+012F (decimal 303)
   defining Unicode char U+0130 (decimal 304)
   defining Unicode char U+0131 (decimal 305)
   defining Unicode char U+0132 (decimal 306)
   defining Unicode char U+0133 (decimal 307)
   defining Unicode char U+0134 (decimal 308)
   defining Unicode char U+0135 (decimal 309)
   defining Unicode char U+0136 (decimal 310)
   defining Unicode char U+0137 (decimal 311)
   defining Unicode char U+0139 (decimal 313)
   defining Unicode char U+013A (decimal 314)
   defining Unicode char U+013B (decimal 315)
   defining Unicode char U+013C (decimal 316)
   defining Unicode char U+013D (decimal 317)
   defining Unicode char U+013E (decimal 318)
   defining Unicode char U+0141 (decimal 321)
   defining Unicode char U+0142 (decimal 322)
   defining Unicode char U+0143 (decimal 323)
   defining Unicode char U+0144 (decimal 324)
   defining Unicode char U+0145 (decimal 325)
   defining Unicode char U+0146 (decimal 326)
   defining Unicode char U+0147 (decimal 327)
   defining Unicode char U+0148 (decimal 328)
   defining Unicode char U+014A (decimal 330)
   defining Unicode char U+014B (decimal 331)
   defining Unicode char U+014C (decimal 332)
   defining Unicode char U+014D (decimal 333)
   defining Unicode char U+014E (decimal 334)
   defining Unicode char U+014F (decimal 335)
   defining Unicode char U+0150 (decimal 336)
   defining Unicode char U+0151 (decimal 337)
   defining Unicode char U+0152 (decimal 338)
   defining Unicode char U+0153 (decimal 339)
   defining Unicode char U+0154 (decimal 340)
   defining Unicode char U+0155 (decimal 341)
   defining Unicode char U+0156 (decimal 342)
   defining Unicode char U+0157 (decimal 343)
   defining Unicode char U+0158 (decimal 344)
   defining Unicode char U+0159 (decimal 345)
   defining Unicode char U+015A (decimal 346)
   defining Unicode char U+015B (decimal 347)
   defining Unicode char U+015C (decimal 348)
   defining Unicode char U+015D (decimal 349)
   defining Unicode char U+015E (decimal 350)
   defining Unicode char U+015F (decimal 351)
   defining Unicode char U+0160 (decimal 352)
   defining Unicode char U+0161 (decimal 353)
   defining Unicode char U+0162 (decimal 354)
   defining Unicode char U+0163 (decimal 355)
   defining Unicode char U+0164 (decimal 356)
   defining Unicode char U+0165 (decimal 357)
   defining Unicode char U+0168 (decimal 360)
   defining Unicode char U+0169 (decimal 361)
   defining Unicode char U+016A (decimal 362)
   defining Unicode char U+016B (decimal 363)
   defining Unicode char U+016C (decimal 364)
   defining Unicode char U+016D (decimal 365)
   defining Unicode char U+016E (decimal 366)
   defining Unicode char U+016F (decimal 367)
   defining Unicode char U+0170 (decimal 368)
   defining Unicode char U+0171 (decimal 369)
   defining Unicode char U+0172 (decimal 370)
   defining Unicode char U+0173 (decimal 371)
   defining Unicode char U+0174 (decimal 372)
   defining Unicode char U+0175 (decimal 373)
   defining Unicode char U+0176 (decimal 374)
   defining Unicode char U+0177 (decimal 375)
   defining Unicode char U+0178 (decimal 376)
   defining Unicode char U+0179 (decimal 377)
   defining Unicode char U+017A (decimal 378)
   defining Unicode char U+017B (decimal 379)
   defining Unicode char U+017C (decimal 380)
   defining Unicode char U+017D (decimal 381)
   defining Unicode char U+017E (decimal 382)
   defining Unicode char U+01CD (decimal 461)
   defining Unicode char U+01CE (decimal 462)
   defining Unicode char U+01CF (decimal 463)
   defining Unicode char U+01D0 (decimal 464)
   defining Unicode char U+01D1 (decimal 465)
   defining Unicode char U+01D2 (decimal 466)
   defining Unicode char U+01D3 (decimal 467)
   defining Unicode char U+01D4 (decimal 468)
   defining Unicode char U+01E2 (decimal 482)
   defining Unicode char U+01E3 (decimal 483)
   defining Unicode char U+01E6 (decimal 486)
   defining Unicode char U+01E7 (decimal 487)
   defining Unicode char U+01E8 (decimal 488)
   defining Unicode char U+01E9 (decimal 489)
   defining Unicode char U+01EA (decimal 490)
   defining Unicode char U+01EB (decimal 491)
   defining Unicode char U+01F0 (decimal 496)
   defining Unicode char U+01F4 (decimal 500)
   defining Unicode char U+01F5 (decimal 501)
   defining Unicode char U+0218 (decimal 536)
   defining Unicode char U+0219 (decimal 537)
   defining Unicode char U+021A (decimal 538)
   defining Unicode char U+021B (decimal 539)
   defining Unicode char U+1E02 (decimal 7682)
   defining Unicode char U+1E03 (decimal 7683)
   defining Unicode char U+200C (decimal 8204)
   defining Unicode char U+2010 (decimal 8208)
   defining Unicode char U+2011 (decimal 8209)
   defining Unicode char U+2012 (decimal 8210)
   defining Unicode char U+2013 (decimal 8211)
   defining Unicode char U+2014 (decimal 8212)
   defining Unicode char U+2015 (decimal 8213)
   defining Unicode char U+2018 (decimal 8216)
   defining Unicode char U+2019 (decimal 8217)
   defining Unicode char U+201A (decimal 8218)
   defining Unicode char U+201C (decimal 8220)
   defining Unicode char U+201D (decimal 8221)
   defining Unicode char U+201E (decimal 8222)
   defining Unicode char U+2030 (decimal 8240)
   defining Unicode char U+2031 (decimal 8241)
   defining Unicode char U+2039 (decimal 8249)
   defining Unicode char U+203A (decimal 8250)
   defining Unicode char U+2423 (decimal 9251)
)
Now handling font encoding OT1 ...
... processing UTF-8 mapping file for font encoding OT1

(c:/texlive/2016/texmf-dist/tex/latex/base/ot1enc.dfu
File: ot1enc.dfu 2016/02/28 v1.1s UTF-8 support for inputenc
   defining Unicode char U+00A0 (decimal 160)
   defining Unicode char U+00A1 (decimal 161)
   defining Unicode char U+00A3 (decimal 163)
   defining Unicode char U+00AD (decimal 173)
   defining Unicode char U+00B8 (decimal 184)
   defining Unicode char U+00BF (decimal 191)
   defining Unicode char U+00C5 (decimal 197)
   defining Unicode char U+00C6 (decimal 198)
   defining Unicode char U+00D8 (decimal 216)
   defining Unicode char U+00DF (decimal 223)
   defining Unicode char U+00E6 (decimal 230)
   defining Unicode char U+00EC (decimal 236)
   defining Unicode char U+00ED (decimal 237)
   defining Unicode char U+00EE (decimal 238)
   defining Unicode char U+00EF (decimal 239)
   defining Unicode char U+00F8 (decimal 248)
   defining Unicode char U+0131 (decimal 305)
   defining Unicode char U+0141 (decimal 321)
   defining Unicode char U+0142 (decimal 322)
   defining Unicode char U+0152 (decimal 338)
   defining Unicode char U+0153 (decimal 339)
   defining Unicode char U+0174 (decimal 372)
   defining Unicode char U+0175 (decimal 373)
   defining Unicode char U+0176 (decimal 374)
   defining Unicode char U+0177 (decimal 375)
   defining Unicode char U+0218 (decimal 536)
   defining Unicode char U+0219 (decimal 537)
   defining Unicode char U+021A (decimal 538)
   defining Unicode char U+021B (decimal 539)
   defining Unicode char U+2013 (decimal 8211)
   defining Unicode char U+2014 (decimal 8212)
   defining Unicode char U+2018 (decimal 8216)
   defining Unicode char U+2019 (decimal 8217)
   defining Unicode char U+201C (decimal 8220)
   defining Unicode char U+201D (decimal 8221)
)
Now handling font encoding OMS ...
... processing UTF-8 mapping file for font encoding OMS

(c:/texlive/2016/texmf-dist/tex/latex/base/omsenc.dfu
File: omsenc.dfu 2016/02/28 v1.1s UTF-8 support for inputenc
   defining Unicode char U+00A7 (decimal 167)
   defining Unicode char U+00B6 (decimal 182)
   defining Unicode char U+00B7 (decimal 183)
   defining Unicode char U+2020 (decimal 8224)
   defining Unicode char U+2021 (decimal 8225)
   defining Unicode char U+2022 (decimal 8226)
)
Now handling font encoding OMX ...
... no UTF-8 mapping file for font encoding OMX
Now handling font encoding U ...
... no UTF-8 mapping file for font encoding U
   defining Unicode char U+00A9 (decimal 169)
   defining Unicode char U+00AA (decimal 170)
   defining Unicode char U+00AE (decimal 174)
   defining Unicode char U+00BA (decimal 186)
   defining Unicode char U+02C6 (decimal 710)
   defining Unicode char U+02DC (decimal 732)
   defining Unicode char U+200C (decimal 8204)
   defining Unicode char U+2026 (decimal 8230)
   defining Unicode char U+2122 (decimal 8482)
   defining Unicode char U+2423 (decimal 9251)
))
(c:/texlive/2016/texmf-dist/tex/latex/graphics/graphicx.sty
Package: graphicx 2014/10/28 v1.0g Enhanced LaTeX Graphics (DPC,SPQR)

(c:/texlive/2016/texmf-dist/tex/latex/graphics/keyval.sty
Package: keyval 2014/10/28 v1.15 key=value parser (DPC)
\KV@toks@=\toks18
)
(c:/texlive/2016/texmf-dist/tex/latex/graphics/graphics.sty
Package: graphics 2016/07/10 v1.0t Standard LaTeX Graphics (DPC,SPQR)

(c:/texlive/2016/texmf-dist/tex/latex/graphics/trig.sty
Package: trig 2016/01/03 v1.10 sin cos tan (DPC)
)
(c:/texlive/2016/texmf-dist/tex/latex/graphics-cfg/graphics.cfg
File: graphics.cfg 2016/06/04 v1.11 sample graphics configuration
)
Package graphics Info: Driver file: pdftex.def on input line 99.

(c:/texlive/2016/texmf-dist/tex/latex/graphics-def/pdftex.def
File: pdftex.def 2016/07/10 v0.06j Graphics/color for pdfTeX

(c:/texlive/2016/texmf-dist/tex/generic/oberdiek/infwarerr.sty
Package: infwarerr 2016/05/16 v1.4 Providing info/warning/error messages (HO)
)
(c:/texlive/2016/texmf-dist/tex/generic/oberdiek/ltxcmds.sty
Package: ltxcmds 2016/05/16 v1.23 LaTeX kernel commands for general use (HO)
)
\Gread@gobject=\count95
))
\Gin@req@height=\dimen102
\Gin@req@width=\dimen103
)
(c:/texlive/2016/texmf-dist/tex/latex/tools/dcolumn.sty
Package: dcolumn 2014/10/28 v1.06 decimal alignment package (DPC)

(c:/texlive/2016/texmf-dist/tex/latex/tools/array.sty
Package: array 2014/10/28 v2.4c Tabular extension package (FMi)
\col@sep=\dimen104
\extrarowheight=\dimen105
\NC@list=\toks19
\extratabsurround=\skip46
\backup@length=\skip47
))
(c:/texlive/2016/texmf-dist/tex/latex/clrscode/clrscode.sty
Package: clrscode 2007/03/29 v1.7 format pseudocode

(c:/texlive/2016/texmf-dist/tex/latex/base/latexsym.sty
Package: latexsym 1998/08/17 v2.2e Standard LaTeX package (lasy symbols)
\symlasy=\mathgroup4
LaTeX Font Info:    Overwriting symbol font `lasy' in version `bold'
(Font)                  U/lasy/m/n --> U/lasy/b/n on input line 52.
)
\c@codelinenumber=\count96
\c@indent=\count97
\digitwidth=\skip48
Missing character: There is no 0 in font nullfont!
\savecode=\box41
\codeboxwidth=\skip49
\c@thisindent=\count98
)
(c:/texlive/2016/texmf-dist/tex/latex/tools/bm.sty
Package: bm 2016/07/07 v1.2b Bold Symbol Support (DPC/FMi)
\symboldoperators=\mathgroup5
\symboldletters=\mathgroup6
\symboldsymbols=\mathgroup7
\symboldlasy=\mathgroup8
LaTeX Font Info:    Redeclaring math alphabet \mathbf on input line 142.
LaTeX Info: Redefining \bm on input line 208.
)
(c:/texlive/2016/texmf-dist/tex/latex/xcolor/xcolor.sty
Package: xcolor 2016/05/11 v2.12 LaTeX color extensions (UK)

(c:/texlive/2016/texmf-dist/tex/latex/graphics-cfg/color.cfg
File: color.cfg 2016/01/02 v1.6 sample color configuration
)
Package xcolor Info: Driver file: pdftex.def on input line 225.
Package xcolor Info: Model `cmy' substituted by `cmy0' on input line 1348.
Package xcolor Info: Model `hsb' substituted by `rgb' on input line 1352.
Package xcolor Info: Model `RGB' extended on input line 1364.
Package xcolor Info: Model `HTML' substituted by `rgb' on input line 1366.
Package xcolor Info: Model `Hsb' substituted by `hsb' on input line 1367.
Package xcolor Info: Model `tHsb' substituted by `hsb' on input line 1368.
Package xcolor Info: Model `HSB' substituted by `hsb' on input line 1369.
Package xcolor Info: Model `Gray' substituted by `gray' on input line 1370.
Package xcolor Info: Model `wave' substituted by `hsb' on input line 1371.
)
(c:/texlive/2016/texmf-dist/tex/latex/amsmath/amsmath.sty
Package: amsmath 2016/06/28 v2.15d AMS math features
\@mathmargin=\skip50

For additional information on amsmath, use the `?' option.
(c:/texlive/2016/texmf-dist/tex/latex/amsmath/amstext.sty
Package: amstext 2000/06/29 v2.01 AMS text

(c:/texlive/2016/texmf-dist/tex/latex/amsmath/amsgen.sty
File: amsgen.sty 1999/11/30 v2.0 generic functions
\@emptytoks=\toks20
\ex@=\dimen106
)
LaTeX Info: Redefining \text on input line 28.
)
(c:/texlive/2016/texmf-dist/tex/latex/amsmath/amsbsy.sty
Package: amsbsy 1999/11/29 v1.2d Bold Symbols
LaTeX Info: Redefining \boldsymbol on input line 28.
\pmbraise@=\dimen107
)
(c:/texlive/2016/texmf-dist/tex/latex/amsmath/amsopn.sty
Package: amsopn 2016/03/08 v2.02 operator names
)
\inf@bad=\count99
LaTeX Info: Redefining \frac on input line 199.
\uproot@=\count100
\leftroot@=\count101
LaTeX Info: Redefining \overline on input line 297.
\classnum@=\count102
\DOTSCASE@=\count103
LaTeX Info: Redefining \ldots on input line 394.
LaTeX Info: Redefining \dots on input line 397.
LaTeX Info: Redefining \cdots on input line 518.
\Mathstrutbox@=\box42
\strutbox@=\box43
\big@size=\dimen108
LaTeX Font Info:    Redeclaring font encoding OML on input line 634.
LaTeX Font Info:    Redeclaring font encoding OMS on input line 635.
\macc@depth=\count104
\c@MaxMatrixCols=\count105
\dotsspace@=\muskip11
\c@parentequation=\count106
\dspbrk@lvl=\count107
\tag@help=\toks21
\row@=\count108
\column@=\count109
\maxfields@=\count110
\andhelp@=\toks22
\eqnshift@=\dimen109
\alignsep@=\dimen110
\tagshift@=\dimen111
\tagwidth@=\dimen112
\totwidth@=\dimen113
\lineht@=\dimen114
\@envbody=\toks23
\multlinegap=\skip51
\multlinetaggap=\skip52
\mathdisplay@stack=\toks24
LaTeX Info: Redefining \[ on input line 2739.
LaTeX Info: Redefining \] on input line 2740.
)
(c:/texlive/2016/texmf-dist/tex/latex/hyperref/hyperref.sty
Package: hyperref 2016/06/24 v6.83q Hypertext links for LaTeX

(c:/texlive/2016/texmf-dist/tex/generic/oberdiek/hobsub-hyperref.sty
Package: hobsub-hyperref 2016/05/16 v1.14 Bundle oberdiek, subset hyperref (HO)


(c:/texlive/2016/texmf-dist/tex/generic/oberdiek/hobsub-generic.sty
Package: hobsub-generic 2016/05/16 v1.14 Bundle oberdiek, subset generic (HO)
Package: hobsub 2016/05/16 v1.14 Construct package bundles (HO)
Package hobsub Info: Skipping package `infwarerr' (already loaded).
Package hobsub Info: Skipping package `ltxcmds' (already loaded).
Package: ifluatex 2016/05/16 v1.4 Provides the ifluatex switch (HO)
Package ifluatex Info: LuaTeX not detected.
Package: ifvtex 2016/05/16 v1.6 Detect VTeX and its facilities (HO)
Package ifvtex Info: VTeX not detected.
Package: intcalc 2016/05/16 v1.2 Expandable calculations with integers (HO)
Package: ifpdf 2016/05/14 v3.1 Provides the ifpdf switch
Package: etexcmds 2016/05/16 v1.6 Avoid name clashes with e-TeX commands (HO)
Package etexcmds Info: Could not find \expanded.
(etexcmds)             That can mean that you are not using pdfTeX 1.50 or
(etexcmds)             that some package has redefined \expanded.
(etexcmds)             In the latter case, load this package earlier.
Package: kvsetkeys 2016/05/16 v1.17 Key value parser (HO)
Package: kvdefinekeys 2016/05/16 v1.4 Define keys (HO)
Package: pdftexcmds 2016/05/21 v0.22 Utility functions of pdfTeX for LuaTeX (HO
)
Package pdftexcmds Info: LuaTeX not detected.
Package pdftexcmds Info: \pdf@primitive is available.
Package pdftexcmds Info: \pdf@ifprimitive is available.
Package pdftexcmds Info: \pdfdraftmode found.
Package: pdfescape 2016/05/16 v1.14 Implements pdfTeX's escape features (HO)
Package: bigintcalc 2016/05/16 v1.4 Expandable calculations on big integers (HO
)
Package: bitset 2016/05/16 v1.2 Handle bit-vector datatype (HO)
Package: uniquecounter 2016/05/16 v1.3 Provide unlimited unique counter (HO)
)
Package hobsub Info: Skipping package `hobsub' (already loaded).
Package: letltxmacro 2016/05/16 v1.5 Let assignment for LaTeX macros (HO)
Package: hopatch 2016/05/16 v1.3 Wrapper for package hooks (HO)
Package: xcolor-patch 2016/05/16 xcolor patch
Package: atveryend 2016/05/16 v1.9 Hooks at the very end of document (HO)
Package: atbegshi 2016/06/09 v1.18 At begin shipout hook (HO)
Package: refcount 2016/05/16 v3.5 Data extraction from label references (HO)
Package: hycolor 2016/05/16 v1.8 Color options for hyperref/bookmark (HO)
)
(c:/texlive/2016/texmf-dist/tex/generic/ifxetex/ifxetex.sty
Package: ifxetex 2010/09/12 v0.6 Provides ifxetex conditional
)
(c:/texlive/2016/texmf-dist/tex/latex/oberdiek/auxhook.sty
Package: auxhook 2016/05/16 v1.4 Hooks for auxiliary files (HO)
)
(c:/texlive/2016/texmf-dist/tex/latex/oberdiek/kvoptions.sty
Package: kvoptions 2016/05/16 v3.12 Key value format for package options (HO)
)
\@linkdim=\dimen115
\Hy@linkcounter=\count111
\Hy@pagecounter=\count112

(c:/texlive/2016/texmf-dist/tex/latex/hyperref/pd1enc.def
File: pd1enc.def 2016/06/24 v6.83q Hyperref: PDFDocEncoding definition (HO)
Now handling font encoding PD1 ...
... no UTF-8 mapping file for font encoding PD1
)
\Hy@SavedSpaceFactor=\count113

(c:/texlive/2016/texmf-dist/tex/latex/latexconfig/hyperref.cfg
File: hyperref.cfg 2002/06/06 v1.2 hyperref configuration of TeXLive
)
Package hyperref Info: Hyper figures OFF on input line 4486.
Package hyperref Info: Link nesting OFF on input line 4491.
Package hyperref Info: Hyper index ON on input line 4494.
Package hyperref Info: Plain pages OFF on input line 4501.
Package hyperref Info: Backreferencing OFF on input line 4506.
Package hyperref Info: Implicit mode ON; LaTeX internals redefined.
Package hyperref Info: Bookmarks ON on input line 4735.
LaTeX Info: Redefining \href on input line 4999.
\c@Hy@tempcnt=\count114
LaTeX Info: Redefining \url on input line 5088.
\XeTeXLinkMargin=\dimen116
\Fld@menulength=\count115
\Field@Width=\dimen117
\Fld@charsize=\dimen118
Package hyperref Info: Hyper figures OFF on input line 6342.
Package hyperref Info: Link nesting OFF on input line 6347.
Package hyperref Info: Hyper index ON on input line 6350.
Package hyperref Info: backreferencing OFF on input line 6357.
Package hyperref Info: Link coloring OFF on input line 6362.
Package hyperref Info: Link coloring with OCG OFF on input line 6367.
Package hyperref Info: PDF/A mode OFF on input line 6372.
LaTeX Info: Redefining \ref on input line 6412.
LaTeX Info: Redefining \pageref on input line 6416.
\Hy@abspage=\count116
\c@Item=\count117
\c@Hfootnote=\count118
)

Package hyperref Message: Driver (autodetected): hpdftex.

(c:/texlive/2016/texmf-dist/tex/latex/hyperref/hpdftex.def
File: hpdftex.def 2016/06/24 v6.83q Hyperref driver for pdfTeX
\Fld@listcount=\count119
\c@bookmark@seq@number=\count120

(c:/texlive/2016/texmf-dist/tex/latex/oberdiek/rerunfilecheck.sty
Package: rerunfilecheck 2016/05/16 v1.8 Rerun checks for auxiliary files (HO)
Package uniquecounter Info: New unique counter `rerunfilecheck' on input line 2
82.
)
\Hy@SectionHShift=\skip53
)
(c:/texlive/2016/texmf-dist/tex/latex/braket/braket.sty)
(c:/texlive/2016/texmf-dist/tex/latex/bbold/bbold.sty
Package: bbold 1994/04/06 Bbold symbol package
)
(c:/texlive/2016/texmf-dist/tex/latex/tools/verbatim.sty
Package: verbatim 2014/10/28 v1.5q LaTeX2e package for verbatim enhancements
\every@verbatim=\toks25
\verbatim@line=\toks26
\verbatim@in@stream=\read1
)
(c:/texlive/2016/texmf-dist/tex/latex/caption/caption.sty
Package: caption 2016/02/21 v3.3-144 Customizing captions (AR)

(c:/texlive/2016/texmf-dist/tex/latex/caption/caption3.sty
Package: caption3 2016/05/22 v1.7-166 caption3 kernel (AR)
Package caption3 Info: TeX engine: e-TeX on input line 67.
\captionmargin=\dimen119
\captionmargin@=\dimen120
\captionwidth=\dimen121
\caption@tempdima=\dimen122
\caption@indent=\dimen123
\caption@parindent=\dimen124
\caption@hangindent=\dimen125
Package caption Info: Unknown document class (or package),
(caption)             standard defaults will be used.
)

Package caption Warning: Unsupported document class (or package) detected,
(caption)                usage of the caption package is not recommended.
See the caption package documentation for explanation.

Package caption Info: \@makecaption = \long macro:#1#2->\par \vskip \abovecapti
onskip \begingroup \small \rmfamily \sbox \@tempboxa {\let \\\heading@cr \@make
@capt@title {#1}{#2}}\@ifdim {\wd \@tempboxa >\hsize }{\begingroup \samepage \f
lushing \let \footnote \@footnotemark@gobble \@make@capt@title {#1}{#2}\par \en
dgroup }{\global \@minipagefalse \hb@xt@ \hsize {\hfil \unhbox \@tempboxa \hfil
 }}\endgroup \vskip \belowcaptionskip .
\c@ContinuedFloat=\count121
Package caption Info: hyperref package is loaded.
) (c:/texlive/2016/texmf-dist/tex/latex/caption/subcaption.sty
Package: subcaption 2016/05/22 v1.1-161 Sub-captions (AR)
\c@subfigure=\count122
\c@subtable=\count123
)
Class revtex4-1 Info: Patching array package. on input line 48.
Class revtex4-1 Info: Robustifying \LaTeX's \boldmath command on input line 48.

Class revtex4-1 Info: cite was not loaded (OK!) on input line 48.
Class revtex4-1 Info: mcite was not loaded (OK!) on input line 48.
Class revtex4-1 Info: multicol was not loaded (OK!) on input line 48.

(./extended_quantum_control_report.aux)
\openout1 = `extended_quantum_control_report.aux'.

LaTeX Font Info:    Checking defaults for OML/cmm/m/it on input line 48.
LaTeX Font Info:    ... okay on input line 48.
LaTeX Font Info:    Checking defaults for T1/cmr/m/n on input line 48.
LaTeX Font Info:    ... okay on input line 48.
LaTeX Font Info:    Checking defaults for OT1/cmr/m/n on input line 48.
LaTeX Font Info:    ... okay on input line 48.
LaTeX Font Info:    Checking defaults for OMS/cmsy/m/n on input line 48.
LaTeX Font Info:    ... okay on input line 48.
LaTeX Font Info:    Checking defaults for OMX/cmex/m/n on input line 48.
LaTeX Font Info:    ... okay on input line 48.
LaTeX Font Info:    Checking defaults for U/cmr/m/n on input line 48.
LaTeX Font Info:    ... okay on input line 48.
LaTeX Font Info:    Checking defaults for PD1/pdf/m/n on input line 48.
LaTeX Font Info:    ... okay on input line 48.

(c:/texlive/2016/texmf-dist/tex/context/base/mkii/supp-pdf.mkii
[Loading MPS to PDF converter (version 2006.09.02).]
\scratchcounter=\count124
\scratchdimen=\dimen126
\scratchbox=\box44
\nofMPsegments=\count125
\nofMParguments=\count126
\everyMPshowfont=\toks27
\MPscratchCnt=\count127
\MPscratchDim=\dimen127
\MPnumerator=\count128
\makeMPintoPDFobject=\count129
\everyMPtoPDFconversion=\toks28
) (c:/texlive/2016/texmf-dist/tex/latex/oberdiek/epstopdf-base.sty
Package: epstopdf-base 2016/05/15 v2.6 Base part for package epstopdf

(c:/texlive/2016/texmf-dist/tex/latex/oberdiek/grfext.sty
Package: grfext 2016/05/16 v1.2 Manage graphics extensions (HO)
)
Package epstopdf-base Info: Redefining graphics rule for `.eps' on input line 4
38.
Package grfext Info: Graphics extension search list:
(grfext)             [.png,.pdf,.jpg,.mps,.jpeg,.jbig2,.jb2,.PNG,.PDF,.JPG,.JPE
G,.JBIG2,.JB2,.eps]
(grfext)             \AppendGraphicsExtensions on input line 456.

(c:/texlive/2016/texmf-dist/tex/latex/latexconfig/epstopdf-sys.cfg
File: epstopdf-sys.cfg 2010/07/13 v1.3 Configuration of (r)epstopdf for TeX Liv
e
))
\AtBeginShipoutBox=\box45
Package hyperref Info: Link coloring OFF on input line 48.

(c:/texlive/2016/texmf-dist/tex/latex/hyperref/nameref.sty
Package: nameref 2016/05/21 v2.44 Cross-referencing by name of section

(c:/texlive/2016/texmf-dist/tex/generic/oberdiek/gettitlestring.sty
Package: gettitlestring 2016/05/16 v1.5 Cleanup title references (HO)
)
\c@section@level=\count130
)
LaTeX Info: Redefining \ref on input line 48.
LaTeX Info: Redefining \pageref on input line 48.
LaTeX Info: Redefining \nameref on input line 48.

(./extended_quantum_control_report.out) (./extended_quantum_control_report.out)
\@outlinefile=\write4
\openout4 = `extended_quantum_control_report.out'.

Package caption Info: Begin \AtBeginDocument code.
Package caption Info: End \AtBeginDocument code.
Class revtex4-1 Info: Taking \maketitle back from hyperref on input line 48.
\openout3 = `extended_quantum_control_reportNotes.bib'.

LaTeX Font Info:    Try loading font information for U+lasy on input line 98.
(c:/texlive/2016/texmf-dist/tex/latex/base/ulasy.fd
File: ulasy.fd 1998/08/17 v2.2e LaTeX symbol font definitions
)
LaTeX Font Info:    Font shape `U/lasy/b/n' in size <7> not available
(Font)              Font shape `U/lasy/m/n' tried instead on input line 98.
LaTeX Font Info:    Font shape `U/lasy/b/n' in size <5> not available
(Font)              Font shape `U/lasy/m/n' tried instead on input line 98.
LaTeX Font Info:    Font shape `U/lasy/b/n' in size <9> not available
(Font)              Font shape `U/lasy/m/n' tried instead on input line 98.
LaTeX Font Info:    Font shape `U/lasy/b/n' in size <6> not available
(Font)              Font shape `U/lasy/m/n' tried instead on input line 98.
LaTeX Font Info:    Font shape `U/lasy/b/n' in size <8> not available
(Font)              Font shape `U/lasy/m/n' tried instead on input line 98.

Underfull \hbox (badness 10000) in paragraph at lines 104--105

 []


Underfull \hbox (badness 10000) in paragraph at lines 106--107

 []

<graphics/groundstate.pdf, id=57, 462.52798pt x 346.89601pt>
File: graphics/groundstate.pdf Graphic file (type pdf)

<use graphics/groundstate.pdf>
Package pdftex.def Info: graphics/groundstate.pdf used on input line 131.
(pdftex.def)             Requested size: 246.0pt x 184.49977pt.


LaTeX Warning: `h' float specifier changed to `ht'.

<graphics/excitedstate.pdf, id=61, 462.52798pt x 346.89601pt>
File: graphics/excitedstate.pdf Graphic file (type pdf)

<use graphics/excitedstate.pdf>
Package pdftex.def Info: graphics/excitedstate.pdf used on input line 139.
(pdftex.def)             Requested size: 246.0pt x 184.49977pt.
 [1{c:/texlive/2016/texmf-var/fonts/map/pdftex/updmap/pdftex.map}]

LaTeX Warning: A float is stuck (cannot be placed); try class option [floatfix]
 on input line 153.


Underfull \hbox (badness 10000) in paragraph at lines 160--161

 []

<graphics/beta.pdf, id=88, 462.52798pt x 346.89601pt>
File: graphics/beta.pdf Graphic file (type pdf)
 <use graphics/beta.pdf>
Package pdftex.def Info: graphics/beta.pdf used on input line 166.
(pdftex.def)             Requested size: 246.0pt x 184.49977pt.

Underfull \hbox (badness 10000) in paragraph at lines 172--173

 []


Underfull \hbox (badness 10000) in paragraph at lines 175--176

 []

<graphics/betaTHO.pdf, id=91, 462.52798pt x 346.89601pt>
File: graphics/betaTHO.pdf Graphic file (type pdf)

<use graphics/betaTHO.pdf>
Package pdftex.def Info: graphics/betaTHO.pdf used on input line 178.
(pdftex.def)             Requested size: 246.0pt x 184.49977pt.


LaTeX Warning: `h' float specifier changed to `ht'.


Underfull \hbox (badness 10000) in paragraph at lines 184--185

 []

[2 <./graphics/groundstate.pdf> <./graphics/excitedstate.pdf

pdfTeX warning: pdflatex.exe (file ./graphics/excitedstate.pdf): PDF inclusion:
 multiple pdfs with page group included in a single page
> <./graphics/beta.pdf

pdfTeX warning: pdflatex.exe (file ./graphics/beta.pdf): PDF inclusion: multipl
e pdfs with page group included in a single page
>]

LaTeX Warning: A float is stuck (cannot be placed); try class option [floatfix]
 on input line 185.

<graphics/QSL.pdf, id=177, 462.52798pt x 346.89601pt>
File: graphics/QSL.pdf Graphic file (type pdf)
 <use graphics/QSL.pdf>
Package pdftex.def Info: graphics/QSL.pdf used on input line 187.
(pdftex.def)             Requested size: 246.0pt x 184.49977pt.

<graphics/reachable_neg_beta.pdf, id=180, 462.52798pt x 346.89601pt>
File: graphics/reachable_neg_beta.pdf Graphic file (type pdf)

<use graphics/reachable_neg_beta.pdf>
Package pdftex.def Info: graphics/reachable_neg_beta.pdf used on input line 195
.
(pdftex.def)             Requested size: 246.0pt x 184.49977pt.

Underfull \hbox (badness 10000) in paragraph at lines 201--202

 []

[3 <./graphics/betaTHO.pdf> <./graphics/QSL.pdf

pdfTeX warning: pdflatex.exe (file ./graphics/QSL.pdf): PDF inclusion: multiple
 pdfs with page group included in a single page
> <./graphics/reachable_neg_beta.pdf

pdfTeX warning: pdflatex.exe (file ./graphics/reachable_neg_beta.pdf): PDF incl
usion: multiple pdfs with page group included in a single page
>]
Underfull \hbox (badness 2753) in paragraph at lines 203--204
[]\OT1/cmr/m/n/10 To repli-cate the re-sults found in [[]], the sys-
 []


Underfull \hbox (badness 1946) in paragraph at lines 203--204
\OT1/cmr/m/n/10 tem con-di-tions had to be repli-cated in Com-poser
 []


Underfull \hbox (badness 1721) in paragraph at lines 203--204
\OT1/cmr/m/n/10 where the scales are cho-sen from the re-quire-ment
 []


Underfull \hbox (badness 10000) in paragraph at lines 203--204

 []

<graphics/newclustering/QM2Clustering.pdf, id=297, 462.52798pt x 346.89601pt>
File: graphics/newclustering/QM2Clustering.pdf Graphic file (type pdf)

<use graphics/newclustering/QM2Clustering.pdf>
Package pdftex.def Info: graphics/newclustering/QM2Clustering.pdf used on input
 line 206.
(pdftex.def)             Requested size: 246.0pt x 184.49977pt.

Underfull \hbox (badness 10000) in paragraph at lines 211--212

 []


Underfull \hbox (badness 10000) in paragraph at lines 213--214

 []

<graphics/newrobustness/robustness.pdf, id=300, 462.52798pt x 346.89601pt>
File: graphics/newrobustness/robustness.pdf Graphic file (type pdf)

<use graphics/newrobustness/robustness.pdf>
Package pdftex.def Info: graphics/newrobustness/robustness.pdf used on input li
ne 218.
(pdftex.def)             Requested size: 246.0pt x 184.49977pt.

<graphics/newrobustness/interactionRobustness.pdf, id=301, 462.52798pt x 346.89
601pt>
File: graphics/newrobustness/interactionRobustness.pdf Graphic file (type pdf)
 <use graphics/newrobustness/interactionRobustness.pdf>
Package pdftex.def Info: graphics/newrobustness/interactionRobustness.pdf used 
on input line 222.
(pdftex.def)             Requested size: 246.0pt x 184.49977pt.

Underfull \hbox (badness 10000) in paragraph at lines 228--229

 []

<graphics/similar_solutions/k2.PNG, id=305, 213.79875pt x 238.491pt>
File: graphics/similar_solutions/k2.PNG Graphic file (type png)

<use graphics/similar_solutions/k2.PNG>
Package pdftex.def Info: graphics/similar_solutions/k2.PNG used on input line 2
32.
(pdftex.def)             Requested size: 98.3985pt x 109.76176pt.

<graphics/similar_solutions/k3.PNG, id=307, 358.941pt x 404.10976pt>
File: graphics/similar_solutions/k3.PNG Graphic file (type png)

<use graphics/similar_solutions/k3.PNG>
Package pdftex.def Info: graphics/similar_solutions/k3.PNG used on input line 2
36.
(pdftex.def)             Requested size: 98.3985pt x 110.77596pt.

<graphics/similar_solutions/k4.PNG, id=308, 339.06676pt x 378.81525pt>
File: graphics/similar_solutions/k4.PNG Graphic file (type png)

<use graphics/similar_solutions/k4.PNG>
Package pdftex.def Info: graphics/similar_solutions/k4.PNG used on input line 2
40.
(pdftex.def)             Requested size: 98.3985pt x 109.93452pt.

<graphics/similar_solutions/k5.PNG, id=309, 261.3765pt x 293.898pt>
File: graphics/similar_solutions/k5.PNG Graphic file (type png)

<use graphics/similar_solutions/k5.PNG>
Package pdftex.def Info: graphics/similar_solutions/k5.PNG used on input line 2
44.
(pdftex.def)             Requested size: 98.3985pt x 110.64198pt.

<graphics/similar_solutions/T02563k3A033.PNG, id=314, 358.33875pt x 402.90524pt
>
File: graphics/similar_solutions/T02563k3A033.PNG Graphic file (type png)
 <use graphics/similar_solutions/T02563k3A033.PNG>
Package pdftex.def Info: graphics/similar_solutions/T02563k3A033.PNG used on in
put line 255.
(pdftex.def)             Requested size: 98.3985pt x 110.63635pt.

<graphics/similar_solutions/T03450k3A050.PNG, id=315, 378.81525pt x 425.79076pt
>
File: graphics/similar_solutions/T03450k3A050.PNG Graphic file (type png)
 <use graphics/similar_solutions/T03450k3A050.PNG>
Package pdftex.def Info: graphics/similar_solutions/T03450k3A050.PNG used on in
put line 258.
(pdftex.def)             Requested size: 98.3985pt x 110.59903pt.

Underfull \hbox (badness 1112) in paragraph at lines 266--267
[]\OT1/cmr/m/n/10 Throughout work-ing with this project, there has
 []


Underfull \hbox (badness 10000) in paragraph at lines 266--267

 []

[4 <./graphics/newclustering/QM2Clustering.pdf>]

LaTeX Warning: A float is stuck (cannot be placed); try class option [floatfix]
 on input line 267.

<graphics/ScalarExpressionNode.png, id=364, 292.09125pt x 289.68225pt>
File: graphics/ScalarExpressionNode.png Graphic file (type png)

<use graphics/ScalarExpressionNode.png>
Package pdftex.def Info: graphics/ScalarExpressionNode.png used on input line 2
71.
(pdftex.def)             Requested size: 98.3985pt x 97.58452pt.

<graphics/ControlNode.png, id=365, 413.1435pt x 364.9635pt>
File: graphics/ControlNode.png Graphic file (type png)

<use graphics/ControlNode.png>
Package pdftex.def Info: graphics/ControlNode.png used on input line 277.
(pdftex.def)             Requested size: 110.69925pt x 97.78966pt.


LaTeX Warning: `h' float specifier changed to `ht'.

(./graphics/functionAppr.pdf_tex
<graphics/functionAppr.pdf, id=367, page=1, 116.3852pt x 72.65532pt>
File: graphics/functionAppr.pdf Graphic file (type pdf)

<use graphics/functionAppr.pdf, page 1>
Package pdftex.def Info: graphics/functionAppr.pdf, page1 used on input line 52
.
(pdftex.def)             Requested size: 246.0pt x 153.58174pt.
)
Underfull \hbox (badness 1019) in paragraph at lines 294--295
\OT1/cmr/m/n/10 to op-ti-mize each step be-fore go-ing fur-ther. Since
 []


Underfull \hbox (badness 10000) in paragraph at lines 294--295

 []

(./graphics/graphAppr.pdf_tex
<graphics/graphAppr.pdf, id=370, page=1, 310.72363pt x 169.70879pt>
File: graphics/graphAppr.pdf Graphic file (type pdf)

<use graphics/graphAppr.pdf, page 1>
Package pdftex.def Info: graphics/graphAppr.pdf, page1 used on input line 53.
(pdftex.def)             Requested size: 246.0pt x 134.35849pt.
) [5 <./graphics/newrobustness/robustness.pdf> <./graphics/newrobustness/intera
ctionRobustness.pdf

pdfTeX warning: pdflatex.exe (file ./graphics/newrobustness/interactionRobustne
ss.pdf): PDF inclusion: multiple pdfs with page group included in a single page

> <./graphics/similar_solutions/k2.PNG> <./graphics/similar_solutions/k3.PNG> <
./graphics/similar_solutions/k4.PNG> <./graphics/similar_solutions/k5.PNG> <./g
raphics/similar_solutions/T02563k3A033.PNG> <./graphics/similar_solutions/T0345
0k3A050.PNG>]

LaTeX Warning: A float is stuck (cannot be placed); try class option [floatfix]
 on input line 304.


Underfull \hbox (badness 2310) in paragraph at lines 305--306
\OT1/cmr/m/n/10 cases where the fi-delity changes sig-nif-i-cantly from
 []


Underfull \hbox (badness 10000) in paragraph at lines 305--306

 []


Underfull \hbox (badness 10000) in paragraph at lines 307--308

 []

LaTeX Font Info:    Try loading font information for OMS+cmr on input line 314.

(c:/texlive/2016/texmf-dist/tex/latex/base/omscmr.fd
File: omscmr.fd 2014/09/29 v2.5h Standard LaTeX font definitions
)
LaTeX Font Info:    Font shape `OMS/cmr/m/n' in size <10> not available
(Font)              Font shape `OMS/cmsy/m/n' tried instead on input line 314.
 [6 <./graphics/ScalarExpressionNode.png> <./graphics/ControlNode.png> <./graph
ics/functionAppr.pdf> <./graphics/graphAppr.pdf

pdfTeX warning: pdflatex.exe (file ./graphics/graphAppr.pdf): PDF inclusion: mu
ltiple pdfs with page group included in a single page
>]
Underfull \hbox (badness 1924) in paragraph at lines 322--323
\OT1/cmr/m/n/10 The \OT1/cmr/m/sc/10 Up-to-down \OT1/cmr/m/n/10 pro-ce-dure was
 my mainly used
 []


Underfull \hbox (badness 10000) in paragraph at lines 322--323

 []


Underfull \hbox (badness 10000) in paragraph at lines 346--347

 []


Underfull \hbox (badness 10000) in paragraph at lines 348--349

 []

<graphics/energydiff.pdf, id=491, 462.52798pt x 346.89601pt>
File: graphics/energydiff.pdf Graphic file (type pdf)

<use graphics/energydiff.pdf>
Package pdftex.def Info: graphics/energydiff.pdf used on input line 351.
(pdftex.def)             Requested size: 246.0pt x 184.49977pt.

Underfull \hbox (badness 10000) in paragraph at lines 356--357

 []

[7 <./graphics/energydiff.pdf>]
<graphics/energylevels.pdf, id=530, 462.52798pt x 346.89601pt>
File: graphics/energylevels.pdf Graphic file (type pdf)

<use graphics/energylevels.pdf>
Package pdftex.def Info: graphics/energylevels.pdf used on input line 359.
(pdftex.def)             Requested size: 246.0pt x 184.49977pt.

<graphics/newclustering/QM2Clusteringk4A04T06178-2.PNG, id=533, 510.708pt x 295
.70474pt>
File: graphics/newclustering/QM2Clusteringk4A04T06178-2.PNG Graphic file (type 
png)
 <use graphics/newclustering/QM2Clusteringk4A04T06178-2.PNG>
Package pdftex.def Info: graphics/newclustering/QM2Clusteringk4A04T06178-2.PNG 
used on input line 368.
(pdftex.def)             Requested size: 110.69925pt x 64.09416pt.

<graphics/newclustering/QM2Clusteringk5A015T07475-2.PNG, id=534, 514.3215pt x 2
98.11375pt>
File: graphics/newclustering/QM2Clusteringk5A015T07475-2.PNG Graphic file (type
 png)
 <use graphics/newclustering/QM2Clusteringk5A015T07475-2.PNG>
Package pdftex.def Info: graphics/newclustering/QM2Clusteringk5A015T07475-2.PNG
 used on input line 371.
(pdftex.def)             Requested size: 110.69925pt x 64.16144pt.

Underfull \hbox (badness 10000) in paragraph at lines 380--381

 []


Underfull \hbox (badness 10000) in paragraph at lines 384--385

 []


Underfull \hbox (badness 2253) in paragraph at lines 388--389
[]\OT1/cmr/m/n/10 However, what has also be-come ap-par-ent while
 []


Underfull \hbox (badness 10000) in paragraph at lines 388--389

 []

[8 <./graphics/energylevels.pdf> <./graphics/newclustering/QM2Clusteringk4A04T0
6178-2.PNG> <./graphics/newclustering/QM2Clusteringk5A015T07475-2.PNG>]
(./extended_quantum_control_report.bbl
Underfull \hbox (badness 1184) in paragraph at lines 97--103
 \OT1/cmr/m/n/9 Czarkowski, C. Wei-d-ner, J. Rafner, J. J. S^^\rensen,
 []


Underfull \hbox (badness 1577) in paragraph at lines 97--103
 \OT1/cmr/m/n/9 man com-mon sense for quan-tum con-trol,''  (2020),
 []

) [9]
Package atveryend Info: Empty hook `AfterLastShipout' on input line 411.
 (./extended_quantum_control_report.aux)
Package atveryend Info: Executing hook `AtVeryEndDocument' on input line 411.
Package atveryend Info: Executing hook `AtEndAfterFileList' on input line 411.
Package rerunfilecheck Info: File `extended_quantum_control_report.out' has not
 changed.
(rerunfilecheck)             Checksum: 47ED881350E69EF9EB20C3B0197AF56F;585.
 ) 
Here is how much of TeX's memory you used:
 9928 strings out of 493013
 143725 string characters out of 6136993
 266367 words of memory out of 5000000
 13243 multiletter control sequences out of 15000+600000
 15626 words of font info for 59 fonts, out of 8000000 for 9000
 1141 hyphenation exceptions out of 8191
 36i,11n,39p,1664b,518s stack positions out of 5000i,500n,10000p,200000b,80000s
<c:/texlive/2016/texmf-dist/fonts/type1/public/amsfonts/cm/cmbx12.pfb><c:/tex
live/2016/texmf-dist/fonts/type1/public/amsfonts/cm/cmbx9.pfb><c:/texlive/2016/
texmf-dist/fonts/type1/public/amsfonts/cm/cmcsc10.pfb><c:/texlive/2016/texmf-di
st/fonts/type1/public/amsfonts/cm/cmex10.pfb><c:/texlive/2016/texmf-dist/fonts/
type1/public/amsfonts/cm/cmmi10.pfb><c:/texlive/2016/texmf-dist/fonts/type1/pub
lic/amsfonts/cm/cmmi7.pfb><c:/texlive/2016/texmf-dist/fonts/type1/public/amsfon
ts/cm/cmmi9.pfb><c:/texlive/2016/texmf-dist/fonts/type1/public/amsfonts/cm/cmr1
0.pfb><c:/texlive/2016/texmf-dist/fonts/type1/public/amsfonts/cm/cmr6.pfb><c:/t
exlive/2016/texmf-dist/fonts/type1/public/amsfonts/cm/cmr7.pfb><c:/texlive/2016
/texmf-dist/fonts/type1/public/amsfonts/cm/cmr8.pfb><c:/texlive/2016/texmf-dist
/fonts/type1/public/amsfonts/cm/cmr9.pfb><c:/texlive/2016/texmf-dist/fonts/type
1/public/amsfonts/cm/cmsy10.pfb><c:/texlive/2016/texmf-dist/fonts/type1/public/
amsfonts/cm/cmsy6.pfb><c:/texlive/2016/texmf-dist/fonts/type1/public/amsfonts/c
m/cmti9.pfb>
Output written on extended_quantum_control_report.pdf (9 pages, 1523656 bytes).

PDF statistics:
 659 PDF objects out of 1000 (max. 8388607)
 337 compressed objects within 4 object streams
 54 named destinations out of 1000 (max. 500000)
 196 words of extra memory for PDF output out of 10000 (max. 10000000)

